* This is the StructMobWeight report file that is output every time the server starts.
* 
* Spawn Balance Utility (SBU) will use this file ONLY if it is renamed to StructMobWeight.csv.
* Lines starting with '*' are comments and ignored
* It allows you to add and remove mobs and adjust their spawnweights for Structures
* like shipwrecks, nether fortresses, water monuments, etc.
* 
1, faded_conquest_2:abandoned_lab, HEADING, header:ignore, 0, 0, 0
2, cataclysm:abandoned_spire, HEADING, header:ignore, 0, 0, 0
3, cataclysm:abandoned_temple, HEADING, header:ignore, 0, 0, 0
4, dungeons_arise:abandoned_temple, HEADING, header:ignore, 0, 0, 0
5, dungeons_arise:abandoned_temple, MONSTER, minecraft:stray, 10, 1, 1
6, cataclysm:abandoned_village, HEADING, header:ignore, 0, 0, 0
7, faded_conquest_2:abyss_tree, HEADING, header:ignore, 0, 0, 0
8, faded_conquest_2:abysstree_3, HEADING, header:ignore, 0, 0, 0
9, faded_conquest_2:abysstree_4, HEADING, header:ignore, 0, 0, 0
10, faded_conquest_2:abysstree_8, HEADING, header:ignore, 0, 0, 0
11, faded_conquest_2:abystree_2, HEADING, header:ignore, 0, 0, 0
12, cataclysm:acropolis, HEADING, header:ignore, 0, 0, 0
13, faded_conquest_2:aero_guardian_temple, HEADING, header:ignore, 0, 0, 0
14, cataclysm:amethyst_nest, HEADING, header:ignore, 0, 0, 0
15, cataclysm:amethyst_nest, MONSTER, cataclysm:amethyst_crab, 10, 1, 1
16, minecraft:ancient_city, HEADING, header:ignore, 0, 0, 0
17, cataclysm:ancient_factory, HEADING, header:ignore, 0, 0, 0
18, spawn:ant_mount, HEADING, header:ignore, 0, 0, 0
19, dungeons_arise:aviary, HEADING, header:ignore, 0, 0, 0
20, dungeons_arise:aviary, MONSTER, minecraft:phantom, 60, 2, 3
21, dungeons_arise:bandit_towers, HEADING, header:ignore, 0, 0, 0
22, dungeons_arise:bandit_village, HEADING, header:ignore, 0, 0, 0
23, minecraft:bastion_remnant, HEADING, header:ignore, 0, 0, 0
24, dungeons_arise:bathhouse, HEADING, header:ignore, 0, 0, 0
25, tameablebeasts:beetle_nest, HEADING, header:ignore, 0, 0, 0
26, tameablebeasts:beetle_nest, CREATURE, tameablebeasts:tameable_beetle, 10, 1, 2
27, tameablebeasts:beetle_nest, CREATURE, tameablebeasts:ground_beetle, 10, 1, 2
28, minecraft:buried_treasure, HEADING, header:ignore, 0, 0, 0
29, cataclysm:burning_arena, HEADING, header:ignore, 0, 0, 0
30, dungeons_arise:ceryneian_hind, HEADING, header:ignore, 0, 0, 0
31, spawn:cold_island, HEADING, header:ignore, 0, 0, 0
32, dungeons_arise:coliseum, HEADING, header:ignore, 0, 0, 0
33, cataclysm:cursed_pyramid, HEADING, header:ignore, 0, 0, 0
34, cataclysm:desert_occupied_village, HEADING, header:ignore, 0, 0, 0
35, cataclysm:desert_occupied_village, MONSTER, cataclysm:koboleton, 10, 1, 1
36, minecraft:desert_pyramid, HEADING, header:ignore, 0, 0, 0
37, cataclysm:desert_site, HEADING, header:ignore, 0, 0, 0
38, cataclysm:desert_site, MONSTER, cataclysm:koboleton, 10, 1, 1
39, spawn:dodo_island, HEADING, header:ignore, 0, 0, 0
40, block_factorys_bosses:dragon_tower, HEADING, header:ignore, 0, 0, 0
41, minecraft:end_city, HEADING, header:ignore, 0, 0, 0
42, minecraft:end_city, MONSTER, alexsmobs:mimicube, 40, 1, 3
43, towns_and_towers:exclusives/pillager_outpost_classic, HEADING, header:ignore, 0, 0, 0
44, towns_and_towers:exclusives/pillager_outpost_classic, MONSTER, minecraft:pillager, 10, 1, 2
45, towns_and_towers:exclusives/pillager_outpost_iberian, HEADING, header:ignore, 0, 0, 0
46, towns_and_towers:exclusives/pillager_outpost_iberian, MONSTER, minecraft:pillager, 10, 1, 2
47, towns_and_towers:exclusives/pillager_outpost_mediterranean, HEADING, header:ignore, 0, 0, 0
48, towns_and_towers:exclusives/pillager_outpost_mediterranean, MONSTER, minecraft:pillager, 10, 1, 2
49, towns_and_towers:exclusives/pillager_outpost_oriental, HEADING, header:ignore, 0, 0, 0
50, towns_and_towers:exclusives/pillager_outpost_oriental, MONSTER, minecraft:pillager, 10, 1, 2
51, towns_and_towers:exclusives/pillager_outpost_rustic, HEADING, header:ignore, 0, 0, 0
52, towns_and_towers:exclusives/pillager_outpost_rustic, MONSTER, minecraft:pillager, 10, 1, 2
53, towns_and_towers:exclusives/pillager_outpost_swedish, HEADING, header:ignore, 0, 0, 0
54, towns_and_towers:exclusives/pillager_outpost_swedish, MONSTER, minecraft:pillager, 10, 1, 2
55, towns_and_towers:exclusives/pillager_outpost_tudor, HEADING, header:ignore, 0, 0, 0
56, towns_and_towers:exclusives/pillager_outpost_tudor, MONSTER, minecraft:pillager, 10, 1, 2
57, towns_and_towers:exclusives/village_classic, HEADING, header:ignore, 0, 0, 0
58, towns_and_towers:exclusives/village_iberian, HEADING, header:ignore, 0, 0, 0
59, towns_and_towers:exclusives/village_mediterranean, HEADING, header:ignore, 0, 0, 0
60, towns_and_towers:exclusives/village_nilotic, HEADING, header:ignore, 0, 0, 0
61, towns_and_towers:exclusives/village_piglin, HEADING, header:ignore, 0, 0, 0
62, towns_and_towers:exclusives/village_piglin, MONSTER, minecraft:piglin, 10, 6, 8
63, towns_and_towers:exclusives/village_piglin, MONSTER, minecraft:piglin_brute, 10, 2, 3
64, towns_and_towers:exclusives/village_rustic, HEADING, header:ignore, 0, 0, 0
65, towns_and_towers:exclusives/village_swedish, HEADING, header:ignore, 0, 0, 0
66, towns_and_towers:exclusives/village_tudor, HEADING, header:ignore, 0, 0, 0
67, towns_and_towers:exclusives/village_wandering_trader_camp, HEADING, header:ignore, 0, 0, 0
68, faded_conquest_2:fc_battleroom, HEADING, header:ignore, 0, 0, 0
69, dungeons_arise:fishing_hut, HEADING, header:ignore, 0, 0, 0
70, betterfortresses:fortress, HEADING, header:ignore, 0, 0, 0
71, betterfortresses:fortress, MONSTER, minecraft:blaze, 10, 2, 3
72, betterfortresses:fortress, MONSTER, minecraft:zombified_piglin, 10, 4, 4
73, betterfortresses:fortress, MONSTER, minecraft:wither_skeleton, 10, 5, 5
74, betterfortresses:fortress, MONSTER, minecraft:skeleton, 10, 5, 5
75, betterfortresses:fortress, MONSTER, minecraft:magma_cube, 10, 4, 4
76, minecraft:fortress, HEADING, header:ignore, 0, 0, 0
77, minecraft:fortress, MONSTER, minecraft:blaze, 10, 2, 3
78, minecraft:fortress, MONSTER, minecraft:zombified_piglin, 10, 4, 4
79, minecraft:fortress, MONSTER, minecraft:wither_skeleton, 10, 5, 5
80, minecraft:fortress, MONSTER, minecraft:skeleton, 10, 5, 5
81, minecraft:fortress, MONSTER, minecraft:magma_cube, 10, 4, 4
82, minecraft:fortress, MONSTER, cataclysm:ignited_berserker, 10, 1, 1
83, dungeons_arise:foundry, HEADING, header:ignore, 0, 0, 0
84, cataclysm:frosted_prison, HEADING, header:ignore, 0, 0, 0
85, mowziesmobs:frostmaw_spawn, HEADING, header:ignore, 0, 0, 0
86, tameablebeasts:gecko_nest, HEADING, header:ignore, 0, 0, 0
87, tameablebeasts:gecko_nest, CREATURE, tameablebeasts:crested_gecko, 10, 1, 2
88, dungeons_arise:giant_mushroom, HEADING, header:ignore, 0, 0, 0
89, dungeons_arise:greenwood_pub, HEADING, header:ignore, 0, 0, 0
90, dungeons_arise:heavenly_challenger, HEADING, header:ignore, 0, 0, 0
91, dungeons_arise:heavenly_conqueror, HEADING, header:ignore, 0, 0, 0
92, dungeons_arise:heavenly_rider, HEADING, header:ignore, 0, 0, 0
93, faded_conquest_2:heiroglyph, HEADING, header:ignore, 0, 0, 0
94, minecraft:igloo, HEADING, header:ignore, 0, 0, 0
95, dungeons_arise:illager_campsite, HEADING, header:ignore, 0, 0, 0
96, dungeons_arise:illager_corsair, HEADING, header:ignore, 0, 0, 0
97, dungeons_arise:illager_fort, HEADING, header:ignore, 0, 0, 0
98, dungeons_arise:illager_galley, HEADING, header:ignore, 0, 0, 0
99, dungeons_arise:illager_windmill, HEADING, header:ignore, 0, 0, 0
100, dungeons_arise:infested_temple, HEADING, header:ignore, 0, 0, 0
101, minecraft:jungle_pyramid, HEADING, header:ignore, 0, 0, 0
102, dungeons_arise:jungle_tree_house, HEADING, header:ignore, 0, 0, 0
103, dungeons_arise:keep_kayra, HEADING, header:ignore, 0, 0, 0
104, faded_conquest_2:knightbattleground, HEADING, header:ignore, 0, 0, 0
105, watching:leafless_grove, HEADING, header:ignore, 0, 0, 0
106, faded_conquest_2:lich_tower, HEADING, header:ignore, 0, 0, 0
107, dungeons_arise:lighthouse, HEADING, header:ignore, 0, 0, 0
108, watching:logless_tree/acacia, HEADING, header:ignore, 0, 0, 0
109, watching:logless_tree/birch, HEADING, header:ignore, 0, 0, 0
110, watching:logless_tree/oak, HEADING, header:ignore, 0, 0, 0
111, watching:logless_tree/spruce, HEADING, header:ignore, 0, 0, 0
112, minecraft:mansion, HEADING, header:ignore, 0, 0, 0
113, dungeons_arise:mechanical_nest, HEADING, header:ignore, 0, 0, 0
114, dungeons_arise:merchant_campsite, HEADING, header:ignore, 0, 0, 0
115, towns_and_towers:mimic_desert, HEADING, header:ignore, 0, 0, 0
116, minecraft:mineshaft, HEADING, header:ignore, 0, 0, 0
117, minecraft:mineshaft, AMBIENT, alexsmobs:underminer, 50, 1, 1
118, minecraft:mineshaft_mesa, HEADING, header:ignore, 0, 0, 0
119, minecraft:mineshaft_mesa, AMBIENT, alexsmobs:underminer, 50, 1, 1
120, dungeons_arise:mining_system, HEADING, header:ignore, 0, 0, 0
121, faded_conquest_2:mirrorrealmvoid, HEADING, header:ignore, 0, 0, 0
122, dungeons_arise:monastery, HEADING, header:ignore, 0, 0, 0
123, mowziesmobs:monastery, HEADING, header:ignore, 0, 0, 0
124, mowziesmobs:monastery, MONSTER, mowziesmobs:bluff, 80, 1, 2
125, minecraft:monument, HEADING, header:ignore, 0, 0, 0
126, minecraft:monument, MONSTER, minecraft:guardian, 10, 2, 4
127, watching:mossy_pyramid, HEADING, header:ignore, 0, 0, 0
128, dungeons_arise:mushroom_house, HEADING, header:ignore, 0, 0, 0
129, dungeons_arise:mushroom_mines, HEADING, header:ignore, 0, 0, 0
130, dungeons_arise:mushroom_village, HEADING, header:ignore, 0, 0, 0
131, minecraft:nether_fossil, HEADING, header:ignore, 0, 0, 0
132, minecraft:nether_fossil, MONSTER, alexsmobs:soul_vulture, 30, 1, 1
133, paraglider:nether_horned_statue, HEADING, header:ignore, 0, 0, 0
134, minecraft:ocean_ruin_cold, HEADING, header:ignore, 0, 0, 0
135, minecraft:ocean_ruin_warm, HEADING, header:ignore, 0, 0, 0
136, watching:ocean_sand_pyramid, HEADING, header:ignore, 0, 0, 0
137, spawn:octopolis, HEADING, header:ignore, 0, 0, 0
138, minecraft:pillager_outpost, HEADING, header:ignore, 0, 0, 0
139, minecraft:pillager_outpost, MONSTER, minecraft:pillager, 10, 1, 1
140, towns_and_towers:pillager_outpost_badlands, HEADING, header:ignore, 0, 0, 0
141, towns_and_towers:pillager_outpost_badlands, MONSTER, minecraft:pillager, 10, 1, 2
142, towns_and_towers:pillager_outpost_beach, HEADING, header:ignore, 0, 0, 0
143, towns_and_towers:pillager_outpost_beach, MONSTER, minecraft:pillager, 10, 1, 2
144, towns_and_towers:pillager_outpost_birch_forest, HEADING, header:ignore, 0, 0, 0
145, towns_and_towers:pillager_outpost_birch_forest, MONSTER, minecraft:pillager, 10, 1, 2
146, towns_and_towers:pillager_outpost_desert, HEADING, header:ignore, 0, 0, 0
147, towns_and_towers:pillager_outpost_desert, MONSTER, minecraft:pillager, 10, 1, 2
148, towns_and_towers:pillager_outpost_flower_forest, HEADING, header:ignore, 0, 0, 0
149, towns_and_towers:pillager_outpost_flower_forest, MONSTER, minecraft:pillager, 10, 1, 2
150, towns_and_towers:pillager_outpost_forest, HEADING, header:ignore, 0, 0, 0
151, towns_and_towers:pillager_outpost_forest, MONSTER, minecraft:pillager, 10, 1, 2
152, towns_and_towers:pillager_outpost_grove, HEADING, header:ignore, 0, 0, 0
153, towns_and_towers:pillager_outpost_grove, MONSTER, minecraft:pillager, 10, 1, 2
154, towns_and_towers:pillager_outpost_jungle, HEADING, header:ignore, 0, 0, 0
155, towns_and_towers:pillager_outpost_jungle, MONSTER, minecraft:pillager, 10, 1, 2
156, towns_and_towers:pillager_outpost_meadow, HEADING, header:ignore, 0, 0, 0
157, towns_and_towers:pillager_outpost_meadow, MONSTER, minecraft:pillager, 10, 1, 2
158, towns_and_towers:pillager_outpost_mushroom_fields, HEADING, header:ignore, 0, 0, 0
159, towns_and_towers:pillager_outpost_ocean, HEADING, header:ignore, 0, 0, 0
160, towns_and_towers:pillager_outpost_ocean, MONSTER, minecraft:pillager, 10, 1, 2
161, towns_and_towers:pillager_outpost_old_growth_taiga, HEADING, header:ignore, 0, 0, 0
162, towns_and_towers:pillager_outpost_old_growth_taiga, MONSTER, minecraft:pillager, 10, 1, 2
163, towns_and_towers:pillager_outpost_savanna, HEADING, header:ignore, 0, 0, 0
164, towns_and_towers:pillager_outpost_savanna, MONSTER, minecraft:pillager, 10, 1, 2
165, towns_and_towers:pillager_outpost_savanna_plateau, HEADING, header:ignore, 0, 0, 0
166, towns_and_towers:pillager_outpost_savanna_plateau, MONSTER, minecraft:pillager, 10, 1, 2
167, towns_and_towers:pillager_outpost_snowy_beach, HEADING, header:ignore, 0, 0, 0
168, towns_and_towers:pillager_outpost_snowy_beach, MONSTER, minecraft:pillager, 10, 1, 2
169, towns_and_towers:pillager_outpost_snowy_plains, HEADING, header:ignore, 0, 0, 0
170, towns_and_towers:pillager_outpost_snowy_plains, MONSTER, minecraft:pillager, 10, 1, 2
171, towns_and_towers:pillager_outpost_snowy_slopes, HEADING, header:ignore, 0, 0, 0
172, towns_and_towers:pillager_outpost_snowy_slopes, MONSTER, minecraft:pillager, 10, 1, 2
173, towns_and_towers:pillager_outpost_snowy_taiga, HEADING, header:ignore, 0, 0, 0
174, towns_and_towers:pillager_outpost_snowy_taiga, MONSTER, minecraft:pillager, 10, 1, 2
175, towns_and_towers:pillager_outpost_sparse_jungle, HEADING, header:ignore, 0, 0, 0
176, towns_and_towers:pillager_outpost_sparse_jungle, MONSTER, minecraft:pillager, 10, 1, 2
177, towns_and_towers:pillager_outpost_sunflower_plains, HEADING, header:ignore, 0, 0, 0
178, towns_and_towers:pillager_outpost_sunflower_plains, MONSTER, minecraft:pillager, 10, 1, 2
179, towns_and_towers:pillager_outpost_swamp, HEADING, header:ignore, 0, 0, 0
180, towns_and_towers:pillager_outpost_swamp, MONSTER, minecraft:pillager, 10, 1, 2
181, towns_and_towers:pillager_outpost_taiga, HEADING, header:ignore, 0, 0, 0
182, towns_and_towers:pillager_outpost_taiga, MONSTER, minecraft:pillager, 10, 1, 2
183, towns_and_towers:pillager_outpost_wooded_badlands, HEADING, header:ignore, 0, 0, 0
184, towns_and_towers:pillager_outpost_wooded_badlands, MONSTER, minecraft:pillager, 10, 1, 2
185, dungeons_arise:plague_asylum, HEADING, header:ignore, 0, 0, 0
186, watching:redstone_torch_trail, HEADING, header:ignore, 0, 0, 0
187, ribbits:ribbit_village, HEADING, header:ignore, 0, 0, 0
188, tameablebeasts:roly_nest, HEADING, header:ignore, 0, 0, 0
189, tameablebeasts:roly_nest, CREATURE, tameablebeasts:giant_roly_poly, 10, 1, 2
190, faded_conquest_2:ruin_1, HEADING, header:ignore, 0, 0, 0
191, faded_conquest_2:ruin_2, HEADING, header:ignore, 0, 0, 0
192, faded_conquest_2:ruin_3, HEADING, header:ignore, 0, 0, 0
193, faded_conquest_2:ruin_4, HEADING, header:ignore, 0, 0, 0
194, cataclysm:ruined_citadel, HEADING, header:ignore, 0, 0, 0
195, cataclysm:ruined_citadel, MONSTER, cataclysm:endermaptera, 10, 1, 1
196, minecraft:ruined_portal, HEADING, header:ignore, 0, 0, 0
197, minecraft:ruined_portal_desert, HEADING, header:ignore, 0, 0, 0
198, minecraft:ruined_portal_jungle, HEADING, header:ignore, 0, 0, 0
199, minecraft:ruined_portal_mountain, HEADING, header:ignore, 0, 0, 0
200, minecraft:ruined_portal_nether, HEADING, header:ignore, 0, 0, 0
201, minecraft:ruined_portal_ocean, HEADING, header:ignore, 0, 0, 0
202, minecraft:ruined_portal_swamp, HEADING, header:ignore, 0, 0, 0
203, watching:sand_pyramid, HEADING, header:ignore, 0, 0, 0
204, block_factorys_bosses:sandworm_nest, HEADING, header:ignore, 0, 0, 0
205, spawn:sandy_island, HEADING, header:ignore, 0, 0, 0
206, dungeons_arise:scorched_mines, HEADING, header:ignore, 0, 0, 0
207, minecraft:shipwreck, HEADING, header:ignore, 0, 0, 0
208, minecraft:shipwreck, MONSTER, alexsmobs:skelewag, 15, 1, 2
209, minecraft:shipwreck_beached, HEADING, header:ignore, 0, 0, 0
210, dungeons_arise:shiraz_palace, HEADING, header:ignore, 0, 0, 0
211, dungeons_arise:small_blimp, HEADING, header:ignore, 0, 0, 0
212, dungeons_arise:small_prairie_house, HEADING, header:ignore, 0, 0, 0
213, cataclysm:soul_black_smith, HEADING, header:ignore, 0, 0, 0
214, faded_conquest_2:spire, HEADING, header:ignore, 0, 0, 0
215, faded_conquest_2:spire_2, HEADING, header:ignore, 0, 0, 0
216, faded_conquest_2:spire_3, HEADING, header:ignore, 0, 0, 0
217, minecraft:stronghold, HEADING, header:ignore, 0, 0, 0
218, cataclysm:sunken_city, HEADING, header:ignore, 0, 0, 0
219, minecraft:swamp_hut, HEADING, header:ignore, 0, 0, 0
220, minecraft:swamp_hut, MONSTER, minecraft:witch, 10, 1, 1
221, minecraft:swamp_hut, CREATURE, minecraft:cat, 10, 1, 1
222, paraglider:tarrey_town_goddess_statue, HEADING, header:ignore, 0, 0, 0
223, dungeons_arise:thornborn_towers, HEADING, header:ignore, 0, 0, 0
224, spawn:tide_pool, HEADING, header:ignore, 0, 0, 0
225, watching:torch_cave, HEADING, header:ignore, 0, 0, 0
226, watching:torch_tunnel/1x2/torchless_tunnel, HEADING, header:ignore, 0, 0, 0
227, watching:torch_tunnel/1x2/tunnel, HEADING, header:ignore, 0, 0, 0
228, watching:torch_tunnel/2x2_tunnel, HEADING, header:ignore, 0, 0, 0
229, minecraft:trail_ruins, HEADING, header:ignore, 0, 0, 0
230, spawn:tropical_island, HEADING, header:ignore, 0, 0, 0
231, dungeons_arise:typhon, HEADING, header:ignore, 0, 0, 0
232, mowziesmobs:umvuthana_grove, HEADING, header:ignore, 0, 0, 0
233, dungeons_arise:undead_pirate_ship, HEADING, header:ignore, 0, 0, 0
234, paraglider:underground_horned_statue, HEADING, header:ignore, 0, 0, 0
235, block_factorys_bosses:underworld_arena, HEADING, header:ignore, 0, 0, 0
236, block_factorys_bosses:underworld_arena, MONSTER, block_factorys_bosses:soul_skeleton, 10, 1, 3
237, block_factorys_bosses:underworld_arena, MONSTER, block_factorys_bosses:soul_knight_wither_skeleton, 10, 1, 3
238, towns_and_towers:village_badlands, HEADING, header:ignore, 0, 0, 0
239, towns_and_towers:village_beach, HEADING, header:ignore, 0, 0, 0
240, towns_and_towers:village_birch_forest, HEADING, header:ignore, 0, 0, 0
241, minecraft:village_desert, HEADING, header:ignore, 0, 0, 0
242, towns_and_towers:village_flower_forest, HEADING, header:ignore, 0, 0, 0
243, towns_and_towers:village_forest, HEADING, header:ignore, 0, 0, 0
244, towns_and_towers:village_grove, HEADING, header:ignore, 0, 0, 0
245, towns_and_towers:village_jungle, HEADING, header:ignore, 0, 0, 0
246, towns_and_towers:village_meadow, HEADING, header:ignore, 0, 0, 0
247, towns_and_towers:village_mushroom_fields, HEADING, header:ignore, 0, 0, 0
248, towns_and_towers:village_ocean, HEADING, header:ignore, 0, 0, 0
249, towns_and_towers:village_old_growth_taiga, HEADING, header:ignore, 0, 0, 0
250, minecraft:village_plains, HEADING, header:ignore, 0, 0, 0
251, minecraft:village_savanna, HEADING, header:ignore, 0, 0, 0
252, towns_and_towers:village_savanna_plateau, HEADING, header:ignore, 0, 0, 0
253, minecraft:village_snowy, HEADING, header:ignore, 0, 0, 0
254, towns_and_towers:village_snowy_slopes, HEADING, header:ignore, 0, 0, 0
255, towns_and_towers:village_snowy_taiga, HEADING, header:ignore, 0, 0, 0
256, towns_and_towers:village_sparse_jungle, HEADING, header:ignore, 0, 0, 0
257, towns_and_towers:village_sunflower_plains, HEADING, header:ignore, 0, 0, 0
258, towns_and_towers:village_swamp, HEADING, header:ignore, 0, 0, 0
259, minecraft:village_taiga, HEADING, header:ignore, 0, 0, 0
260, towns_and_towers:village_wooded_badlands, HEADING, header:ignore, 0, 0, 0
261, spawn:volcanic_island, HEADING, header:ignore, 0, 0, 0
262, dungeons_arise:wishing_well, HEADING, header:ignore, 0, 0, 0
263, towns_and_towers:wreckage_ocean, HEADING, header:ignore, 0, 0, 0
264, mowziesmobs:wrought_chamber, HEADING, header:ignore, 0, 0, 0
265, block_factorys_bosses:yeti_hideout, HEADING, header:ignore, 0, 0, 0
